<?xml version="1.0" encoding="UTF-8"?>
<!-- Generated by org.testng.reporters.JUnitReportReporter -->
<testsuite skipped="0" hostname="LAPTOP-R0SMGEJT" name="com.qa.Test.Get_Method" tests="1" failures="0" timestamp="2022-04-16T18:40:51 IST" time="0.386" errors="0">
  <testcase name="getAPI" time="0.386" classname="com.qa.Test.Get_Method"/>
</testsuite> <!-- com.qa.Test.Get_Method -->
