<?xml version="1.0" encoding="UTF-8"?>
<!-- Generated by org.testng.reporters.JUnitReportReporter -->
<testsuite skipped="0" hostname="LAPTOP-R0SMGEJT" name="com.qa.Test.Post_MethodTest" tests="1" failures="0" timestamp="2022-04-16T18:40:51 IST" time="3.603" errors="0">
  <testcase name="PostAPI" time="3.603" classname="com.qa.Test.Post_MethodTest"/>
</testsuite> <!-- com.qa.Test.Post_MethodTest -->
