<?xml version="1.0" encoding="UTF-8"?>
<!-- Generated by org.testng.reporters.JUnitReportReporter -->
<testsuite skipped="0" hostname="LAPTOP-R0SMGEJT" name="com.qa.Test.Post_MethodTest" tests="1" failures="0" timestamp="04 May 2020 09:01:37 GMT" time="4.001" errors="0">
  <testcase name="getAPI" time="4.001" classname="com.qa.Test.Post_MethodTest"/>
</testsuite> <!-- com.qa.Test.Post_MethodTest -->
